<?xml version="1.0" encoding="UTF-8"?>
<testng-results skipped="0" failed="0" total="1" passed="1">
  <reporter-output>
  </reporter-output>
  <suite name="Default suite" duration-ms="4858" started-at="2015-10-30T11:02:40Z" finished-at="2015-10-30T11:02:44Z">
    <groups>
    </groups>
    <test name="Default test" duration-ms="4858" started-at="2015-10-30T11:02:40Z" finished-at="2015-10-30T11:02:44Z">
      <class name="otpp.LoginTest">
        <test-method status="PASS" signature="init()[pri:0, instance:otpp.LoginTest@1c36524]" name="init" is-config="true" duration-ms="2261" started-at="2015-10-30T14:02:40Z" finished-at="2015-10-30T14:02:42Z">
          <reporter-output>
          </reporter-output>
        </test-method> <!-- init -->
        <test-method status="PASS" signature="testUntitled2()[pri:0, instance:otpp.LoginTest@1c36524]" name="testUntitled2" duration-ms="2581" started-at="2015-10-30T14:02:42Z" finished-at="2015-10-30T14:02:44Z">
          <reporter-output>
          </reporter-output>
        </test-method> <!-- testUntitled2 -->
        <test-method status="PASS" signature="tearDown()[pri:0, instance:otpp.LoginTest@1c36524]" name="tearDown" is-config="true" duration-ms="1584" started-at="2015-10-30T14:02:44Z" finished-at="2015-10-30T14:02:46Z">
          <reporter-output>
          </reporter-output>
        </test-method> <!-- tearDown -->
      </class> <!-- otpp.LoginTest -->
    </test> <!-- Default test -->
  </suite> <!-- Default suite -->
</testng-results>
